{"total": {"lines":{"total":3340,"covered":3179,"skipped":0,"pct":95.17},"statements":{"total":3483,"covered":3301,"skipped":0,"pct":94.77},"functions":{"total":375,"covered":367,"skipped":0,"pct":97.86},"branches":{"total":2102,"covered":1751,"skipped":0,"pct":83.3},"branchesTrue":{"total":0,"covered":0,"skipped":0,"pct":100}}
,"/Users/ivintik/dev/personal/codeharness/src/index.ts": {"lines":{"total":20,"covered":18,"skipped":0,"pct":90},"functions":{"total":1,"covered":1,"skipped":0,"pct":100},"statements":{"total":20,"covered":18,"skipped":0,"pct":90},"branches":{"total":4,"covered":2,"skipped":0,"pct":50}}
,"/Users/ivintik/dev/personal/codeharness/src/commands/bridge.ts": {"lines":{"total":44,"covered":44,"skipped":0,"pct":100},"functions":{"total":5,"covered":5,"skipped":0,"pct":100},"statements":{"total":47,"covered":47,"skipped":0,"pct":100},"branches":{"total":26,"covered":26,"skipped":0,"pct":100}}
,"/Users/ivintik/dev/personal/codeharness/src/commands/coverage.ts": {"lines":{"total":47,"covered":44,"skipped":0,"pct":93.61},"functions":{"total":2,"covered":2,"skipped":0,"pct":100},"statements":{"total":47,"covered":44,"skipped":0,"pct":93.61},"branches":{"total":48,"covered":41,"skipped":0,"pct":85.41}}
,"/Users/ivintik/dev/personal/codeharness/src/commands/doc-health.ts": {"lines":{"total":29,"covered":28,"skipped":0,"pct":96.55},"functions":{"total":3,"covered":3,"skipped":0,"pct":100},"statements":{"total":29,"covered":28,"skipped":0,"pct":96.55},"branches":{"total":24,"covered":20,"skipped":0,"pct":83.33}}
,"/Users/ivintik/dev/personal/codeharness/src/commands/init.ts": {"lines":{"total":227,"covered":219,"skipped":0,"pct":96.47},"functions":{"total":11,"covered":11,"skipped":0,"pct":100},"statements":{"total":235,"covered":227,"skipped":0,"pct":96.59},"branches":{"total":153,"covered":136,"skipped":0,"pct":88.88}}
,"/Users/ivintik/dev/personal/codeharness/src/commands/onboard.ts": {"lines":{"total":192,"covered":175,"skipped":0,"pct":91.14},"functions":{"total":28,"covered":25,"skipped":0,"pct":89.28},"statements":{"total":197,"covered":180,"skipped":0,"pct":91.37},"branches":{"total":76,"covered":63,"skipped":0,"pct":82.89}}
,"/Users/ivintik/dev/personal/codeharness/src/commands/query.ts": {"lines":{"total":100,"covered":99,"skipped":0,"pct":99},"functions":{"total":13,"covered":12,"skipped":0,"pct":92.3},"statements":{"total":111,"covered":108,"skipped":0,"pct":97.29},"branches":{"total":56,"covered":46,"skipped":0,"pct":82.14}}
,"/Users/ivintik/dev/personal/codeharness/src/commands/run.ts": {"lines":{"total":99,"covered":94,"skipped":0,"pct":94.94},"functions":{"total":10,"covered":10,"skipped":0,"pct":100},"statements":{"total":104,"covered":99,"skipped":0,"pct":95.19},"branches":{"total":63,"covered":47,"skipped":0,"pct":74.6}}
,"/Users/ivintik/dev/personal/codeharness/src/commands/stack.ts": {"lines":{"total":131,"covered":131,"skipped":0,"pct":100},"functions":{"total":4,"covered":4,"skipped":0,"pct":100},"statements":{"total":131,"covered":131,"skipped":0,"pct":100},"branches":{"total":97,"covered":95,"skipped":0,"pct":97.93}}
,"/Users/ivintik/dev/personal/codeharness/src/commands/state.ts": {"lines":{"total":58,"covered":58,"skipped":0,"pct":100},"functions":{"total":5,"covered":5,"skipped":0,"pct":100},"statements":{"total":58,"covered":58,"skipped":0,"pct":100},"branches":{"total":18,"covered":18,"skipped":0,"pct":100}}
,"/Users/ivintik/dev/personal/codeharness/src/commands/status.ts": {"lines":{"total":239,"covered":211,"skipped":0,"pct":88.28},"functions":{"total":14,"covered":14,"skipped":0,"pct":100},"statements":{"total":240,"covered":212,"skipped":0,"pct":88.33},"branches":{"total":216,"covered":156,"skipped":0,"pct":72.22}}
,"/Users/ivintik/dev/personal/codeharness/src/commands/sync.ts": {"lines":{"total":45,"covered":45,"skipped":0,"pct":100},"functions":{"total":7,"covered":6,"skipped":0,"pct":85.71},"statements":{"total":50,"covered":48,"skipped":0,"pct":96},"branches":{"total":28,"covered":26,"skipped":0,"pct":92.85}}
,"/Users/ivintik/dev/personal/codeharness/src/commands/teardown.ts": {"lines":{"total":139,"covered":130,"skipped":0,"pct":93.52},"functions":{"total":3,"covered":3,"skipped":0,"pct":100},"statements":{"total":139,"covered":130,"skipped":0,"pct":93.52},"branches":{"total":100,"covered":77,"skipped":0,"pct":77}}
,"/Users/ivintik/dev/personal/codeharness/src/commands/verify.ts": {"lines":{"total":80,"covered":75,"skipped":0,"pct":93.75},"functions":{"total":5,"covered":5,"skipped":0,"pct":100},"statements":{"total":80,"covered":75,"skipped":0,"pct":93.75},"branches":{"total":44,"covered":34,"skipped":0,"pct":77.27}}
,"/Users/ivintik/dev/personal/codeharness/src/lib/beads-sync.ts": {"lines":{"total":171,"covered":168,"skipped":0,"pct":98.24},"functions":{"total":21,"covered":21,"skipped":0,"pct":100},"statements":{"total":178,"covered":174,"skipped":0,"pct":97.75},"branches":{"total":98,"covered":82,"skipped":0,"pct":83.67}}
,"/Users/ivintik/dev/personal/codeharness/src/lib/beads.ts": {"lines":{"total":69,"covered":69,"skipped":0,"pct":100},"functions":{"total":17,"covered":17,"skipped":0,"pct":100},"statements":{"total":71,"covered":71,"skipped":0,"pct":100},"branches":{"total":42,"covered":37,"skipped":0,"pct":88.09}}
,"/Users/ivintik/dev/personal/codeharness/src/lib/bmad.ts": {"lines":{"total":139,"covered":137,"skipped":0,"pct":98.56},"functions":{"total":11,"covered":11,"skipped":0,"pct":100},"statements":{"total":141,"covered":139,"skipped":0,"pct":98.58},"branches":{"total":70,"covered":62,"skipped":0,"pct":88.57}}
,"/Users/ivintik/dev/personal/codeharness/src/lib/coverage.ts": {"lines":{"total":196,"covered":174,"skipped":0,"pct":88.77},"functions":{"total":19,"covered":19,"skipped":0,"pct":100},"statements":{"total":199,"covered":177,"skipped":0,"pct":88.94},"branches":{"total":147,"covered":112,"skipped":0,"pct":76.19}}
,"/Users/ivintik/dev/personal/codeharness/src/lib/deps.ts": {"lines":{"total":42,"covered":42,"skipped":0,"pct":100},"functions":{"total":6,"covered":6,"skipped":0,"pct":100},"statements":{"total":43,"covered":43,"skipped":0,"pct":100},"branches":{"total":28,"covered":23,"skipped":0,"pct":82.14}}
,"/Users/ivintik/dev/personal/codeharness/src/lib/doc-health.ts": {"lines":{"total":241,"covered":224,"skipped":0,"pct":92.94},"functions":{"total":27,"covered":26,"skipped":0,"pct":96.29},"statements":{"total":251,"covered":232,"skipped":0,"pct":92.43},"branches":{"total":153,"covered":120,"skipped":0,"pct":78.43}}
,"/Users/ivintik/dev/personal/codeharness/src/lib/docker.ts": {"lines":{"total":136,"covered":136,"skipped":0,"pct":100},"functions":{"total":30,"covered":29,"skipped":0,"pct":96.66},"statements":{"total":156,"covered":155,"skipped":0,"pct":99.35},"branches":{"total":54,"covered":45,"skipped":0,"pct":83.33}}
,"/Users/ivintik/dev/personal/codeharness/src/lib/epic-generator.ts": {"lines":{"total":114,"covered":112,"skipped":0,"pct":98.24},"functions":{"total":18,"covered":18,"skipped":0,"pct":100},"statements":{"total":126,"covered":124,"skipped":0,"pct":98.41},"branches":{"total":67,"covered":62,"skipped":0,"pct":92.53}}
,"/Users/ivintik/dev/personal/codeharness/src/lib/onboard-checks.ts": {"lines":{"total":80,"covered":79,"skipped":0,"pct":98.75},"functions":{"total":12,"covered":12,"skipped":0,"pct":100},"statements":{"total":82,"covered":81,"skipped":0,"pct":98.78},"branches":{"total":36,"covered":33,"skipped":0,"pct":91.66}}
,"/Users/ivintik/dev/personal/codeharness/src/lib/otlp.ts": {"lines":{"total":130,"covered":127,"skipped":0,"pct":97.69},"functions":{"total":13,"covered":13,"skipped":0,"pct":100},"statements":{"total":133,"covered":130,"skipped":0,"pct":97.74},"branches":{"total":86,"covered":76,"skipped":0,"pct":88.37}}
,"/Users/ivintik/dev/personal/codeharness/src/lib/output.ts": {"lines":{"total":17,"covered":17,"skipped":0,"pct":100},"functions":{"total":5,"covered":5,"skipped":0,"pct":100},"statements":{"total":17,"covered":17,"skipped":0,"pct":100},"branches":{"total":8,"covered":8,"skipped":0,"pct":100}}
,"/Users/ivintik/dev/personal/codeharness/src/lib/patch-engine.ts": {"lines":{"total":37,"covered":37,"skipped":0,"pct":100},"functions":{"total":5,"covered":5,"skipped":0,"pct":100},"statements":{"total":37,"covered":37,"skipped":0,"pct":100},"branches":{"total":16,"covered":16,"skipped":0,"pct":100}}
,"/Users/ivintik/dev/personal/codeharness/src/lib/scan-cache.ts": {"lines":{"total":32,"covered":32,"skipped":0,"pct":100},"functions":{"total":4,"covered":4,"skipped":0,"pct":100},"statements":{"total":32,"covered":32,"skipped":0,"pct":100},"branches":{"total":18,"covered":16,"skipped":0,"pct":88.88}}
,"/Users/ivintik/dev/personal/codeharness/src/lib/scanner.ts": {"lines":{"total":145,"covered":124,"skipped":0,"pct":85.51},"functions":{"total":20,"covered":19,"skipped":0,"pct":95},"statements":{"total":154,"covered":127,"skipped":0,"pct":82.46},"branches":{"total":100,"covered":72,"skipped":0,"pct":72}}
,"/Users/ivintik/dev/personal/codeharness/src/lib/stack-detect.ts": {"lines":{"total":67,"covered":66,"skipped":0,"pct":98.5},"functions":{"total":11,"covered":11,"skipped":0,"pct":100},"statements":{"total":79,"covered":77,"skipped":0,"pct":97.46},"branches":{"total":53,"covered":52,"skipped":0,"pct":98.11}}
,"/Users/ivintik/dev/personal/codeharness/src/lib/stack-path.ts": {"lines":{"total":7,"covered":7,"skipped":0,"pct":100},"functions":{"total":4,"covered":4,"skipped":0,"pct":100},"statements":{"total":7,"covered":7,"skipped":0,"pct":100},"branches":{"total":5,"covered":5,"skipped":0,"pct":100}}
,"/Users/ivintik/dev/personal/codeharness/src/lib/state.ts": {"lines":{"total":89,"covered":89,"skipped":0,"pct":100},"functions":{"total":12,"covered":12,"skipped":0,"pct":100},"statements":{"total":102,"covered":96,"skipped":0,"pct":94.11},"branches":{"total":72,"covered":65,"skipped":0,"pct":90.27}}
,"/Users/ivintik/dev/personal/codeharness/src/lib/templates.ts": {"lines":{"total":3,"covered":3,"skipped":0,"pct":100},"functions":{"total":3,"covered":3,"skipped":0,"pct":100},"statements":{"total":4,"covered":4,"skipped":0,"pct":100},"branches":{"total":2,"covered":2,"skipped":0,"pct":100}}
,"/Users/ivintik/dev/personal/codeharness/src/lib/verify-parser.ts": {"lines":{"total":50,"covered":49,"skipped":0,"pct":98},"functions":{"total":3,"covered":3,"skipped":0,"pct":100},"statements":{"total":55,"covered":54,"skipped":0,"pct":98.18},"branches":{"total":28,"covered":27,"skipped":0,"pct":96.42}}
,"/Users/ivintik/dev/personal/codeharness/src/lib/verify.ts": {"lines":{"total":60,"covered":51,"skipped":0,"pct":85},"functions":{"total":8,"covered":8,"skipped":0,"pct":100},"statements":{"total":62,"covered":53,"skipped":0,"pct":85.48},"branches":{"total":43,"covered":27,"skipped":0,"pct":62.79}}
,"/Users/ivintik/dev/personal/codeharness/src/templates/bmad-patches.ts": {"lines":{"total":6,"covered":6,"skipped":0,"pct":100},"functions":{"total":5,"covered":5,"skipped":0,"pct":100},"statements":{"total":6,"covered":6,"skipped":0,"pct":100},"branches":{"total":0,"covered":0,"skipped":0,"pct":100}}
,"/Users/ivintik/dev/personal/codeharness/src/templates/docker-compose.ts": {"lines":{"total":2,"covered":2,"skipped":0,"pct":100},"functions":{"total":2,"covered":2,"skipped":0,"pct":100},"statements":{"total":2,"covered":2,"skipped":0,"pct":100},"branches":{"total":0,"covered":0,"skipped":0,"pct":100}}
,"/Users/ivintik/dev/personal/codeharness/src/templates/otel-config.ts": {"lines":{"total":8,"covered":8,"skipped":0,"pct":100},"functions":{"total":3,"covered":3,"skipped":0,"pct":100},"statements":{"total":8,"covered":8,"skipped":0,"pct":100},"branches":{"total":0,"covered":0,"skipped":0,"pct":100}}
,"/Users/ivintik/dev/personal/codeharness/src/templates/ralph-prompt.ts": {"lines":{"total":12,"covered":12,"skipped":0,"pct":100},"functions":{"total":1,"covered":1,"skipped":0,"pct":100},"statements":{"total":12,"covered":12,"skipped":0,"pct":100},"branches":{"total":9,"covered":9,"skipped":0,"pct":100}}
,"/Users/ivintik/dev/personal/codeharness/src/templates/showboat-template.ts": {"lines":{"total":37,"covered":37,"skipped":0,"pct":100},"functions":{"total":4,"covered":4,"skipped":0,"pct":100},"statements":{"total":38,"covered":38,"skipped":0,"pct":100},"branches":{"total":14,"covered":13,"skipped":0,"pct":92.85}}
}
