{"total": {"lines":{"total":7803,"covered":7604,"skipped":0,"pct":97.44},"statements":{"total":8335,"covered":8073,"skipped":0,"pct":96.85},"functions":{"total":986,"covered":969,"skipped":0,"pct":98.27},"branches":{"total":5158,"covered":4561,"skipped":0,"pct":88.42},"branchesTrue":{"total":0,"covered":0,"skipped":0,"pct":100}}
,"/Users/ivintik/dev/personal/codeharness/src/index.ts": {"lines":{"total":31,"covered":29,"skipped":0,"pct":93.54},"functions":{"total":1,"covered":1,"skipped":0,"pct":100},"statements":{"total":31,"covered":29,"skipped":0,"pct":93.54},"branches":{"total":4,"covered":2,"skipped":0,"pct":50}}
,"/Users/ivintik/dev/personal/codeharness/src/commands/audit-action.ts": {"lines":{"total":49,"covered":49,"skipped":0,"pct":100},"functions":{"total":2,"covered":2,"skipped":0,"pct":100},"statements":{"total":50,"covered":50,"skipped":0,"pct":100},"branches":{"total":42,"covered":42,"skipped":0,"pct":100}}
,"/Users/ivintik/dev/personal/codeharness/src/commands/audit.ts": {"lines":{"total":5,"covered":5,"skipped":0,"pct":100},"functions":{"total":2,"covered":2,"skipped":0,"pct":100},"statements":{"total":5,"covered":5,"skipped":0,"pct":100},"branches":{"total":2,"covered":2,"skipped":0,"pct":100}}
,"/Users/ivintik/dev/personal/codeharness/src/commands/bridge.ts": {"lines":{"total":44,"covered":44,"skipped":0,"pct":100},"functions":{"total":5,"covered":5,"skipped":0,"pct":100},"statements":{"total":47,"covered":47,"skipped":0,"pct":100},"branches":{"total":26,"covered":26,"skipped":0,"pct":100}}
,"/Users/ivintik/dev/personal/codeharness/src/commands/coverage.ts": {"lines":{"total":47,"covered":44,"skipped":0,"pct":93.61},"functions":{"total":2,"covered":2,"skipped":0,"pct":100},"statements":{"total":47,"covered":44,"skipped":0,"pct":93.61},"branches":{"total":48,"covered":41,"skipped":0,"pct":85.41}}
,"/Users/ivintik/dev/personal/codeharness/src/commands/doc-health.ts": {"lines":{"total":29,"covered":28,"skipped":0,"pct":96.55},"functions":{"total":3,"covered":3,"skipped":0,"pct":100},"statements":{"total":29,"covered":28,"skipped":0,"pct":96.55},"branches":{"total":24,"covered":20,"skipped":0,"pct":83.33}}
,"/Users/ivintik/dev/personal/codeharness/src/commands/github-import.ts": {"lines":{"total":61,"covered":61,"skipped":0,"pct":100},"functions":{"total":6,"covered":6,"skipped":0,"pct":100},"statements":{"total":69,"covered":69,"skipped":0,"pct":100},"branches":{"total":38,"covered":37,"skipped":0,"pct":97.36}}
,"/Users/ivintik/dev/personal/codeharness/src/commands/init.ts": {"lines":{"total":8,"covered":8,"skipped":0,"pct":100},"functions":{"total":2,"covered":2,"skipped":0,"pct":100},"statements":{"total":8,"covered":8,"skipped":0,"pct":100},"branches":{"total":4,"covered":4,"skipped":0,"pct":100}}
,"/Users/ivintik/dev/personal/codeharness/src/commands/observability-gate.ts": {"lines":{"total":52,"covered":50,"skipped":0,"pct":96.15},"functions":{"total":3,"covered":3,"skipped":0,"pct":100},"statements":{"total":52,"covered":50,"skipped":0,"pct":96.15},"branches":{"total":44,"covered":42,"skipped":0,"pct":95.45}}
,"/Users/ivintik/dev/personal/codeharness/src/commands/onboard.ts": {"lines":{"total":10,"covered":10,"skipped":0,"pct":100},"functions":{"total":3,"covered":3,"skipped":0,"pct":100},"statements":{"total":10,"covered":10,"skipped":0,"pct":100},"branches":{"total":2,"covered":2,"skipped":0,"pct":100}}
,"/Users/ivintik/dev/personal/codeharness/src/commands/progress.ts": {"lines":{"total":29,"covered":25,"skipped":0,"pct":86.2},"functions":{"total":2,"covered":2,"skipped":0,"pct":100},"statements":{"total":29,"covered":25,"skipped":0,"pct":86.2},"branches":{"total":24,"covered":22,"skipped":0,"pct":91.66}}
,"/Users/ivintik/dev/personal/codeharness/src/commands/query.ts": {"lines":{"total":100,"covered":99,"skipped":0,"pct":99},"functions":{"total":13,"covered":12,"skipped":0,"pct":92.3},"statements":{"total":111,"covered":108,"skipped":0,"pct":97.29},"branches":{"total":56,"covered":46,"skipped":0,"pct":82.14}}
,"/Users/ivintik/dev/personal/codeharness/src/commands/retro-import.ts": {"lines":{"total":116,"covered":116,"skipped":0,"pct":100},"functions":{"total":9,"covered":9,"skipped":0,"pct":100},"statements":{"total":124,"covered":122,"skipped":0,"pct":98.38},"branches":{"total":72,"covered":69,"skipped":0,"pct":95.83}}
,"/Users/ivintik/dev/personal/codeharness/src/commands/retry.ts": {"lines":{"total":57,"covered":57,"skipped":0,"pct":100},"functions":{"total":6,"covered":6,"skipped":0,"pct":100},"statements":{"total":59,"covered":58,"skipped":0,"pct":98.3},"branches":{"total":44,"covered":42,"skipped":0,"pct":95.45}}
,"/Users/ivintik/dev/personal/codeharness/src/commands/run.ts": {"lines":{"total":153,"covered":137,"skipped":0,"pct":89.54},"functions":{"total":10,"covered":10,"skipped":0,"pct":100},"statements":{"total":157,"covered":140,"skipped":0,"pct":89.17},"branches":{"total":109,"covered":89,"skipped":0,"pct":81.65}}
,"/Users/ivintik/dev/personal/codeharness/src/commands/stack.ts": {"lines":{"total":131,"covered":131,"skipped":0,"pct":100},"functions":{"total":4,"covered":4,"skipped":0,"pct":100},"statements":{"total":131,"covered":131,"skipped":0,"pct":100},"branches":{"total":97,"covered":95,"skipped":0,"pct":97.93}}
,"/Users/ivintik/dev/personal/codeharness/src/commands/state.ts": {"lines":{"total":59,"covered":59,"skipped":0,"pct":100},"functions":{"total":5,"covered":5,"skipped":0,"pct":100},"statements":{"total":59,"covered":59,"skipped":0,"pct":100},"branches":{"total":18,"covered":18,"skipped":0,"pct":100}}
,"/Users/ivintik/dev/personal/codeharness/src/commands/stats.ts": {"lines":{"total":151,"covered":147,"skipped":0,"pct":97.35},"functions":{"total":15,"covered":12,"skipped":0,"pct":80},"statements":{"total":174,"covered":162,"skipped":0,"pct":93.1},"branches":{"total":104,"covered":73,"skipped":0,"pct":70.19}}
,"/Users/ivintik/dev/personal/codeharness/src/commands/status.ts": {"lines":{"total":13,"covered":13,"skipped":0,"pct":100},"functions":{"total":2,"covered":2,"skipped":0,"pct":100},"statements":{"total":13,"covered":13,"skipped":0,"pct":100},"branches":{"total":6,"covered":6,"skipped":0,"pct":100}}
,"/Users/ivintik/dev/personal/codeharness/src/commands/sync.ts": {"lines":{"total":49,"covered":49,"skipped":0,"pct":100},"functions":{"total":7,"covered":6,"skipped":0,"pct":85.71},"statements":{"total":54,"covered":52,"skipped":0,"pct":96.29},"branches":{"total":30,"covered":28,"skipped":0,"pct":93.33}}
,"/Users/ivintik/dev/personal/codeharness/src/commands/teardown.ts": {"lines":{"total":140,"covered":131,"skipped":0,"pct":93.57},"functions":{"total":3,"covered":3,"skipped":0,"pct":100},"statements":{"total":140,"covered":131,"skipped":0,"pct":93.57},"branches":{"total":104,"covered":78,"skipped":0,"pct":75}}
,"/Users/ivintik/dev/personal/codeharness/src/commands/timeout-report.ts": {"lines":{"total":21,"covered":21,"skipped":0,"pct":100},"functions":{"total":2,"covered":2,"skipped":0,"pct":100},"statements":{"total":21,"covered":21,"skipped":0,"pct":100},"branches":{"total":12,"covered":12,"skipped":0,"pct":100}}
,"/Users/ivintik/dev/personal/codeharness/src/commands/validate-state.ts": {"lines":{"total":26,"covered":26,"skipped":0,"pct":100},"functions":{"total":2,"covered":2,"skipped":0,"pct":100},"statements":{"total":26,"covered":26,"skipped":0,"pct":100},"branches":{"total":14,"covered":14,"skipped":0,"pct":100}}
,"/Users/ivintik/dev/personal/codeharness/src/commands/validate.ts": {"lines":{"total":39,"covered":39,"skipped":0,"pct":100},"functions":{"total":9,"covered":9,"skipped":0,"pct":100},"statements":{"total":52,"covered":51,"skipped":0,"pct":98.07},"branches":{"total":38,"covered":36,"skipped":0,"pct":94.73}}
,"/Users/ivintik/dev/personal/codeharness/src/commands/verify-env.ts": {"lines":{"total":66,"covered":64,"skipped":0,"pct":96.96},"functions":{"total":5,"covered":5,"skipped":0,"pct":100},"statements":{"total":66,"covered":64,"skipped":0,"pct":96.96},"branches":{"total":49,"covered":44,"skipped":0,"pct":89.79}}
,"/Users/ivintik/dev/personal/codeharness/src/commands/verify.ts": {"lines":{"total":135,"covered":129,"skipped":0,"pct":95.55},"functions":{"total":7,"covered":7,"skipped":0,"pct":100},"statements":{"total":136,"covered":130,"skipped":0,"pct":95.58},"branches":{"total":74,"covered":59,"skipped":0,"pct":79.72}}
,"/Users/ivintik/dev/personal/codeharness/src/lib/beads.ts": {"lines":{"total":75,"covered":75,"skipped":0,"pct":100},"functions":{"total":19,"covered":19,"skipped":0,"pct":100},"statements":{"total":77,"covered":77,"skipped":0,"pct":100},"branches":{"total":42,"covered":37,"skipped":0,"pct":88.09}}
,"/Users/ivintik/dev/personal/codeharness/src/lib/bmad.ts": {"lines":{"total":152,"covered":150,"skipped":0,"pct":98.68},"functions":{"total":12,"covered":12,"skipped":0,"pct":100},"statements":{"total":155,"covered":153,"skipped":0,"pct":98.7},"branches":{"total":84,"covered":75,"skipped":0,"pct":89.28}}
,"/Users/ivintik/dev/personal/codeharness/src/lib/dashboard-formatter.ts": {"lines":{"total":101,"covered":101,"skipped":0,"pct":100},"functions":{"total":6,"covered":6,"skipped":0,"pct":100},"statements":{"total":104,"covered":104,"skipped":0,"pct":100},"branches":{"total":55,"covered":53,"skipped":0,"pct":96.36}}
,"/Users/ivintik/dev/personal/codeharness/src/lib/deps.ts": {"lines":{"total":42,"covered":42,"skipped":0,"pct":100},"functions":{"total":6,"covered":6,"skipped":0,"pct":100},"statements":{"total":43,"covered":43,"skipped":0,"pct":100},"branches":{"total":28,"covered":25,"skipped":0,"pct":89.28}}
,"/Users/ivintik/dev/personal/codeharness/src/lib/epic-generator.ts": {"lines":{"total":121,"covered":119,"skipped":0,"pct":98.34},"functions":{"total":19,"covered":19,"skipped":0,"pct":100},"statements":{"total":135,"covered":133,"skipped":0,"pct":98.51},"branches":{"total":75,"covered":70,"skipped":0,"pct":93.33}}
,"/Users/ivintik/dev/personal/codeharness/src/lib/github.ts": {"lines":{"total":45,"covered":45,"skipped":0,"pct":100},"functions":{"total":9,"covered":9,"skipped":0,"pct":100},"statements":{"total":49,"covered":49,"skipped":0,"pct":100},"branches":{"total":10,"covered":10,"skipped":0,"pct":100}}
,"/Users/ivintik/dev/personal/codeharness/src/lib/ink-activity-components.tsx": {"lines":{"total":14,"covered":14,"skipped":0,"pct":100},"functions":{"total":8,"covered":8,"skipped":0,"pct":100},"statements":{"total":14,"covered":14,"skipped":0,"pct":100},"branches":{"total":4,"covered":4,"skipped":0,"pct":100}}
,"/Users/ivintik/dev/personal/codeharness/src/lib/ink-app.tsx": {"lines":{"total":2,"covered":2,"skipped":0,"pct":100},"functions":{"total":2,"covered":2,"skipped":0,"pct":100},"statements":{"total":2,"covered":2,"skipped":0,"pct":100},"branches":{"total":8,"covered":8,"skipped":0,"pct":100}}
,"/Users/ivintik/dev/personal/codeharness/src/lib/ink-components.tsx": {"lines":{"total":61,"covered":61,"skipped":0,"pct":100},"functions":{"total":8,"covered":8,"skipped":0,"pct":100},"statements":{"total":73,"covered":73,"skipped":0,"pct":100},"branches":{"total":58,"covered":53,"skipped":0,"pct":91.37}}
,"/Users/ivintik/dev/personal/codeharness/src/lib/ink-renderer.tsx": {"lines":{"total":68,"covered":64,"skipped":0,"pct":94.11},"functions":{"total":14,"covered":14,"skipped":0,"pct":100},"statements":{"total":73,"covered":69,"skipped":0,"pct":94.52},"branches":{"total":53,"covered":47,"skipped":0,"pct":88.67}}
,"/Users/ivintik/dev/personal/codeharness/src/lib/onboard-checks.ts": {"lines":{"total":78,"covered":77,"skipped":0,"pct":98.71},"functions":{"total":12,"covered":12,"skipped":0,"pct":100},"statements":{"total":80,"covered":78,"skipped":0,"pct":97.5},"branches":{"total":36,"covered":31,"skipped":0,"pct":86.11}}
,"/Users/ivintik/dev/personal/codeharness/src/lib/output.ts": {"lines":{"total":17,"covered":17,"skipped":0,"pct":100},"functions":{"total":5,"covered":5,"skipped":0,"pct":100},"statements":{"total":17,"covered":17,"skipped":0,"pct":100},"branches":{"total":8,"covered":8,"skipped":0,"pct":100}}
,"/Users/ivintik/dev/personal/codeharness/src/lib/patch-engine.ts": {"lines":{"total":39,"covered":39,"skipped":0,"pct":100},"functions":{"total":5,"covered":5,"skipped":0,"pct":100},"statements":{"total":39,"covered":39,"skipped":0,"pct":100},"branches":{"total":20,"covered":20,"skipped":0,"pct":100}}
,"/Users/ivintik/dev/personal/codeharness/src/lib/retro-parser.ts": {"lines":{"total":78,"covered":77,"skipped":0,"pct":98.71},"functions":{"total":10,"covered":10,"skipped":0,"pct":100},"statements":{"total":84,"covered":83,"skipped":0,"pct":98.8},"branches":{"total":62,"covered":61,"skipped":0,"pct":98.38}}
,"/Users/ivintik/dev/personal/codeharness/src/lib/retro-to-sprint.ts": {"lines":{"total":55,"covered":54,"skipped":0,"pct":98.18},"functions":{"total":9,"covered":9,"skipped":0,"pct":100},"statements":{"total":57,"covered":56,"skipped":0,"pct":98.24},"branches":{"total":26,"covered":23,"skipped":0,"pct":88.46}}
,"/Users/ivintik/dev/personal/codeharness/src/lib/retry-state.ts": {"lines":{"total":32,"covered":30,"skipped":0,"pct":93.75},"functions":{"total":14,"covered":14,"skipped":0,"pct":100},"statements":{"total":36,"covered":33,"skipped":0,"pct":91.66},"branches":{"total":10,"covered":7,"skipped":0,"pct":70}}
,"/Users/ivintik/dev/personal/codeharness/src/lib/run-helpers.ts": {"lines":{"total":51,"covered":51,"skipped":0,"pct":100},"functions":{"total":6,"covered":6,"skipped":0,"pct":100},"statements":{"total":59,"covered":58,"skipped":0,"pct":98.3},"branches":{"total":46,"covered":43,"skipped":0,"pct":93.47}}
,"/Users/ivintik/dev/personal/codeharness/src/lib/scan-cache.ts": {"lines":{"total":32,"covered":32,"skipped":0,"pct":100},"functions":{"total":4,"covered":4,"skipped":0,"pct":100},"statements":{"total":32,"covered":32,"skipped":0,"pct":100},"branches":{"total":18,"covered":16,"skipped":0,"pct":88.88}}
,"/Users/ivintik/dev/personal/codeharness/src/lib/scanner.ts": {"lines":{"total":145,"covered":138,"skipped":0,"pct":95.17},"functions":{"total":20,"covered":20,"skipped":0,"pct":100},"statements":{"total":154,"covered":142,"skipped":0,"pct":92.2},"branches":{"total":100,"covered":83,"skipped":0,"pct":83}}
,"/Users/ivintik/dev/personal/codeharness/src/lib/stack-path.ts": {"lines":{"total":8,"covered":7,"skipped":0,"pct":87.5},"functions":{"total":5,"covered":4,"skipped":0,"pct":80},"statements":{"total":8,"covered":7,"skipped":0,"pct":87.5},"branches":{"total":5,"covered":5,"skipped":0,"pct":100}}
,"/Users/ivintik/dev/personal/codeharness/src/lib/state.ts": {"lines":{"total":115,"covered":114,"skipped":0,"pct":99.13},"functions":{"total":16,"covered":16,"skipped":0,"pct":100},"statements":{"total":133,"covered":125,"skipped":0,"pct":93.98},"branches":{"total":108,"covered":98,"skipped":0,"pct":90.74}}
,"/Users/ivintik/dev/personal/codeharness/src/lib/templates.ts": {"lines":{"total":11,"covered":10,"skipped":0,"pct":90.9},"functions":{"total":5,"covered":5,"skipped":0,"pct":100},"statements":{"total":13,"covered":12,"skipped":0,"pct":92.3},"branches":{"total":9,"covered":7,"skipped":0,"pct":77.77}}
,"/Users/ivintik/dev/personal/codeharness/src/lib/verifier-session.ts": {"lines":{"total":81,"covered":81,"skipped":0,"pct":100},"functions":{"total":5,"covered":5,"skipped":0,"pct":100},"statements":{"total":84,"covered":84,"skipped":0,"pct":100},"branches":{"total":53,"covered":51,"skipped":0,"pct":96.22}}
,"/Users/ivintik/dev/personal/codeharness/src/lib/agents/index.ts": {"lines":{"total":4,"covered":4,"skipped":0,"pct":100},"functions":{"total":1,"covered":1,"skipped":0,"pct":100},"statements":{"total":4,"covered":4,"skipped":0,"pct":100},"branches":{"total":4,"covered":4,"skipped":0,"pct":100}}
,"/Users/ivintik/dev/personal/codeharness/src/lib/agents/ralph-prompt.ts": {"lines":{"total":11,"covered":11,"skipped":0,"pct":100},"functions":{"total":1,"covered":1,"skipped":0,"pct":100},"statements":{"total":11,"covered":11,"skipped":0,"pct":100},"branches":{"total":9,"covered":9,"skipped":0,"pct":100}}
,"/Users/ivintik/dev/personal/codeharness/src/lib/agents/ralph.ts": {"lines":{"total":74,"covered":72,"skipped":0,"pct":97.29},"functions":{"total":8,"covered":8,"skipped":0,"pct":100},"statements":{"total":76,"covered":74,"skipped":0,"pct":97.36},"branches":{"total":57,"covered":54,"skipped":0,"pct":94.73}}
,"/Users/ivintik/dev/personal/codeharness/src/lib/agents/stream-parser.ts": {"lines":{"total":63,"covered":63,"skipped":0,"pct":100},"functions":{"total":6,"covered":6,"skipped":0,"pct":100},"statements":{"total":63,"covered":63,"skipped":0,"pct":100},"branches":{"total":55,"covered":55,"skipped":0,"pct":100}}
,"/Users/ivintik/dev/personal/codeharness/src/lib/agents/types.ts": {"lines":{"total":0,"covered":0,"skipped":0,"pct":100},"functions":{"total":0,"covered":0,"skipped":0,"pct":100},"statements":{"total":0,"covered":0,"skipped":0,"pct":100},"branches":{"total":0,"covered":0,"skipped":0,"pct":100}}
,"/Users/ivintik/dev/personal/codeharness/src/lib/coverage/evaluator.ts": {"lines":{"total":61,"covered":61,"skipped":0,"pct":100},"functions":{"total":6,"covered":6,"skipped":0,"pct":100},"statements":{"total":63,"covered":63,"skipped":0,"pct":100},"branches":{"total":48,"covered":39,"skipped":0,"pct":81.25}}
,"/Users/ivintik/dev/personal/codeharness/src/lib/coverage/index.ts": {"lines":{"total":0,"covered":0,"skipped":0,"pct":100},"functions":{"total":0,"covered":0,"skipped":0,"pct":100},"statements":{"total":0,"covered":0,"skipped":0,"pct":100},"branches":{"total":0,"covered":0,"skipped":0,"pct":100}}
,"/Users/ivintik/dev/personal/codeharness/src/lib/coverage/parser.ts": {"lines":{"total":58,"covered":58,"skipped":0,"pct":100},"functions":{"total":6,"covered":6,"skipped":0,"pct":100},"statements":{"total":59,"covered":59,"skipped":0,"pct":100},"branches":{"total":36,"covered":34,"skipped":0,"pct":94.44}}
,"/Users/ivintik/dev/personal/codeharness/src/lib/coverage/runner.ts": {"lines":{"total":119,"covered":114,"skipped":0,"pct":95.79},"functions":{"total":12,"covered":12,"skipped":0,"pct":100},"statements":{"total":119,"covered":114,"skipped":0,"pct":95.79},"branches":{"total":75,"covered":66,"skipped":0,"pct":88}}
,"/Users/ivintik/dev/personal/codeharness/src/lib/coverage/types.ts": {"lines":{"total":0,"covered":0,"skipped":0,"pct":100},"functions":{"total":0,"covered":0,"skipped":0,"pct":100},"statements":{"total":0,"covered":0,"skipped":0,"pct":100},"branches":{"total":0,"covered":0,"skipped":0,"pct":100}}
,"/Users/ivintik/dev/personal/codeharness/src/lib/doc-health/index.ts": {"lines":{"total":0,"covered":0,"skipped":0,"pct":100},"functions":{"total":0,"covered":0,"skipped":0,"pct":100},"statements":{"total":0,"covered":0,"skipped":0,"pct":100},"branches":{"total":0,"covered":0,"skipped":0,"pct":100}}
,"/Users/ivintik/dev/personal/codeharness/src/lib/doc-health/report.ts": {"lines":{"total":65,"covered":65,"skipped":0,"pct":100},"functions":{"total":5,"covered":5,"skipped":0,"pct":100},"statements":{"total":65,"covered":65,"skipped":0,"pct":100},"branches":{"total":30,"covered":24,"skipped":0,"pct":80}}
,"/Users/ivintik/dev/personal/codeharness/src/lib/doc-health/scanner.ts": {"lines":{"total":100,"covered":93,"skipped":0,"pct":93},"functions":{"total":9,"covered":9,"skipped":0,"pct":100},"statements":{"total":105,"covered":96,"skipped":0,"pct":91.42},"branches":{"total":65,"covered":52,"skipped":0,"pct":80}}
,"/Users/ivintik/dev/personal/codeharness/src/lib/doc-health/staleness.ts": {"lines":{"total":101,"covered":90,"skipped":0,"pct":89.1},"functions":{"total":15,"covered":14,"skipped":0,"pct":93.33},"statements":{"total":108,"covered":97,"skipped":0,"pct":89.81},"branches":{"total":61,"covered":48,"skipped":0,"pct":78.68}}
,"/Users/ivintik/dev/personal/codeharness/src/lib/doc-health/types.ts": {"lines":{"total":25,"covered":23,"skipped":0,"pct":92},"functions":{"total":4,"covered":4,"skipped":0,"pct":100},"statements":{"total":26,"covered":23,"skipped":0,"pct":88.46},"branches":{"total":26,"covered":21,"skipped":0,"pct":80.76}}
,"/Users/ivintik/dev/personal/codeharness/src/lib/docker/cleanup.ts": {"lines":{"total":2,"covered":2,"skipped":0,"pct":100},"functions":{"total":2,"covered":2,"skipped":0,"pct":100},"statements":{"total":2,"covered":2,"skipped":0,"pct":100},"branches":{"total":2,"covered":2,"skipped":0,"pct":100}}
,"/Users/ivintik/dev/personal/codeharness/src/lib/docker/compose.ts": {"lines":{"total":84,"covered":84,"skipped":0,"pct":100},"functions":{"total":16,"covered":16,"skipped":0,"pct":100},"statements":{"total":95,"covered":95,"skipped":0,"pct":100},"branches":{"total":30,"covered":24,"skipped":0,"pct":80}}
,"/Users/ivintik/dev/personal/codeharness/src/lib/docker/health.ts": {"lines":{"total":52,"covered":52,"skipped":0,"pct":100},"functions":{"total":14,"covered":13,"skipped":0,"pct":92.85},"statements":{"total":61,"covered":60,"skipped":0,"pct":98.36},"branches":{"total":24,"covered":21,"skipped":0,"pct":87.5}}
,"/Users/ivintik/dev/personal/codeharness/src/lib/docker/index.ts": {"lines":{"total":0,"covered":0,"skipped":0,"pct":100},"functions":{"total":0,"covered":0,"skipped":0,"pct":100},"statements":{"total":0,"covered":0,"skipped":0,"pct":100},"branches":{"total":0,"covered":0,"skipped":0,"pct":100}}
,"/Users/ivintik/dev/personal/codeharness/src/lib/observability/backends.ts": {"lines":{"total":16,"covered":16,"skipped":0,"pct":100},"functions":{"total":6,"covered":6,"skipped":0,"pct":100},"statements":{"total":16,"covered":16,"skipped":0,"pct":100},"branches":{"total":12,"covered":12,"skipped":0,"pct":100}}
,"/Users/ivintik/dev/personal/codeharness/src/lib/observability/config.ts": {"lines":{"total":79,"covered":79,"skipped":0,"pct":100},"functions":{"total":14,"covered":14,"skipped":0,"pct":100},"statements":{"total":85,"covered":85,"skipped":0,"pct":100},"branches":{"total":42,"covered":38,"skipped":0,"pct":90.47}}
,"/Users/ivintik/dev/personal/codeharness/src/lib/observability/index.ts": {"lines":{"total":0,"covered":0,"skipped":0,"pct":100},"functions":{"total":0,"covered":0,"skipped":0,"pct":100},"statements":{"total":0,"covered":0,"skipped":0,"pct":100},"branches":{"total":0,"covered":0,"skipped":0,"pct":100}}
,"/Users/ivintik/dev/personal/codeharness/src/lib/observability/instrument.ts": {"lines":{"total":90,"covered":90,"skipped":0,"pct":100},"functions":{"total":10,"covered":10,"skipped":0,"pct":100},"statements":{"total":91,"covered":91,"skipped":0,"pct":100},"branches":{"total":61,"covered":55,"skipped":0,"pct":90.16}}
,"/Users/ivintik/dev/personal/codeharness/src/lib/stacks/index.ts": {"lines":{"total":7,"covered":7,"skipped":0,"pct":100},"functions":{"total":1,"covered":1,"skipped":0,"pct":100},"statements":{"total":9,"covered":9,"skipped":0,"pct":100},"branches":{"total":4,"covered":4,"skipped":0,"pct":100}}
,"/Users/ivintik/dev/personal/codeharness/src/lib/stacks/nodejs.ts": {"lines":{"total":108,"covered":108,"skipped":0,"pct":100},"functions":{"total":18,"covered":18,"skipped":0,"pct":100},"statements":{"total":115,"covered":115,"skipped":0,"pct":100},"branches":{"total":74,"covered":71,"skipped":0,"pct":95.94}}
,"/Users/ivintik/dev/personal/codeharness/src/lib/stacks/python.ts": {"lines":{"total":79,"covered":78,"skipped":0,"pct":98.73},"functions":{"total":17,"covered":17,"skipped":0,"pct":100},"statements":{"total":84,"covered":83,"skipped":0,"pct":98.8},"branches":{"total":52,"covered":48,"skipped":0,"pct":92.3}}
,"/Users/ivintik/dev/personal/codeharness/src/lib/stacks/registry.ts": {"lines":{"total":35,"covered":33,"skipped":0,"pct":94.28},"functions":{"total":11,"covered":11,"skipped":0,"pct":100},"statements":{"total":38,"covered":36,"skipped":0,"pct":94.73},"branches":{"total":14,"covered":13,"skipped":0,"pct":92.85}}
,"/Users/ivintik/dev/personal/codeharness/src/lib/stacks/rust.ts": {"lines":{"total":67,"covered":67,"skipped":0,"pct":100},"functions":{"total":17,"covered":17,"skipped":0,"pct":100},"statements":{"total":73,"covered":73,"skipped":0,"pct":100},"branches":{"total":34,"covered":32,"skipped":0,"pct":94.11}}
,"/Users/ivintik/dev/personal/codeharness/src/lib/stacks/types.ts": {"lines":{"total":0,"covered":0,"skipped":0,"pct":100},"functions":{"total":0,"covered":0,"skipped":0,"pct":100},"statements":{"total":0,"covered":0,"skipped":0,"pct":100},"branches":{"total":0,"covered":0,"skipped":0,"pct":100}}
,"/Users/ivintik/dev/personal/codeharness/src/lib/stacks/utils.ts": {"lines":{"total":32,"covered":31,"skipped":0,"pct":96.87},"functions":{"total":7,"covered":7,"skipped":0,"pct":100},"statements":{"total":36,"covered":34,"skipped":0,"pct":94.44},"branches":{"total":16,"covered":15,"skipped":0,"pct":93.75}}
,"/Users/ivintik/dev/personal/codeharness/src/lib/sync/beads.ts": {"lines":{"total":84,"covered":82,"skipped":0,"pct":97.61},"functions":{"total":8,"covered":8,"skipped":0,"pct":100},"statements":{"total":88,"covered":85,"skipped":0,"pct":96.59},"branches":{"total":52,"covered":41,"skipped":0,"pct":78.84}}
,"/Users/ivintik/dev/personal/codeharness/src/lib/sync/index.ts": {"lines":{"total":0,"covered":0,"skipped":0,"pct":100},"functions":{"total":0,"covered":0,"skipped":0,"pct":100},"statements":{"total":0,"covered":0,"skipped":0,"pct":100},"branches":{"total":0,"covered":0,"skipped":0,"pct":100}}
,"/Users/ivintik/dev/personal/codeharness/src/lib/sync/sprint-yaml.ts": {"lines":{"total":56,"covered":55,"skipped":0,"pct":98.21},"functions":{"total":6,"covered":6,"skipped":0,"pct":100},"statements":{"total":58,"covered":57,"skipped":0,"pct":98.27},"branches":{"total":26,"covered":21,"skipped":0,"pct":80.76}}
,"/Users/ivintik/dev/personal/codeharness/src/lib/sync/story-files.ts": {"lines":{"total":31,"covered":31,"skipped":0,"pct":100},"functions":{"total":7,"covered":7,"skipped":0,"pct":100},"statements":{"total":32,"covered":32,"skipped":0,"pct":100},"branches":{"total":20,"covered":19,"skipped":0,"pct":95}}
,"/Users/ivintik/dev/personal/codeharness/src/modules/audit/dimensions.ts": {"lines":{"total":104,"covered":104,"skipped":0,"pct":100},"functions":{"total":11,"covered":11,"skipped":0,"pct":100},"statements":{"total":132,"covered":130,"skipped":0,"pct":98.48},"branches":{"total":75,"covered":65,"skipped":0,"pct":86.66}}
,"/Users/ivintik/dev/personal/codeharness/src/modules/audit/fix-generator.ts": {"lines":{"total":37,"covered":37,"skipped":0,"pct":100},"functions":{"total":5,"covered":5,"skipped":0,"pct":100},"statements":{"total":39,"covered":39,"skipped":0,"pct":100},"branches":{"total":8,"covered":8,"skipped":0,"pct":100}}
,"/Users/ivintik/dev/personal/codeharness/src/modules/audit/fix-types.ts": {"lines":{"total":0,"covered":0,"skipped":0,"pct":100},"functions":{"total":0,"covered":0,"skipped":0,"pct":100},"statements":{"total":0,"covered":0,"skipped":0,"pct":100},"branches":{"total":0,"covered":0,"skipped":0,"pct":100}}
,"/Users/ivintik/dev/personal/codeharness/src/modules/audit/index.ts": {"lines":{"total":16,"covered":16,"skipped":0,"pct":100},"functions":{"total":4,"covered":4,"skipped":0,"pct":100},"statements":{"total":19,"covered":19,"skipped":0,"pct":100},"branches":{"total":6,"covered":6,"skipped":0,"pct":100}}
,"/Users/ivintik/dev/personal/codeharness/src/modules/audit/report.ts": {"lines":{"total":12,"covered":12,"skipped":0,"pct":100},"functions":{"total":2,"covered":2,"skipped":0,"pct":100},"statements":{"total":12,"covered":12,"skipped":0,"pct":100},"branches":{"total":6,"covered":4,"skipped":0,"pct":66.66}}
,"/Users/ivintik/dev/personal/codeharness/src/modules/audit/types.ts": {"lines":{"total":0,"covered":0,"skipped":0,"pct":100},"functions":{"total":0,"covered":0,"skipped":0,"pct":100},"statements":{"total":0,"covered":0,"skipped":0,"pct":100},"branches":{"total":0,"covered":0,"skipped":0,"pct":100}}
,"/Users/ivintik/dev/personal/codeharness/src/modules/dev/index.ts": {"lines":{"total":1,"covered":1,"skipped":0,"pct":100},"functions":{"total":1,"covered":1,"skipped":0,"pct":100},"statements":{"total":1,"covered":1,"skipped":0,"pct":100},"branches":{"total":0,"covered":0,"skipped":0,"pct":100}}
,"/Users/ivintik/dev/personal/codeharness/src/modules/dev/orchestrator.ts": {"lines":{"total":51,"covered":51,"skipped":0,"pct":100},"functions":{"total":6,"covered":6,"skipped":0,"pct":100},"statements":{"total":53,"covered":53,"skipped":0,"pct":100},"branches":{"total":33,"covered":33,"skipped":0,"pct":100}}
,"/Users/ivintik/dev/personal/codeharness/src/modules/dev/types.ts": {"lines":{"total":0,"covered":0,"skipped":0,"pct":100},"functions":{"total":0,"covered":0,"skipped":0,"pct":100},"statements":{"total":0,"covered":0,"skipped":0,"pct":100},"branches":{"total":0,"covered":0,"skipped":0,"pct":100}}
,"/Users/ivintik/dev/personal/codeharness/src/modules/infra/beads-init.ts": {"lines":{"total":22,"covered":22,"skipped":0,"pct":100},"functions":{"total":1,"covered":1,"skipped":0,"pct":100},"statements":{"total":22,"covered":22,"skipped":0,"pct":100},"branches":{"total":14,"covered":13,"skipped":0,"pct":92.85}}
,"/Users/ivintik/dev/personal/codeharness/src/modules/infra/bmad-setup.ts": {"lines":{"total":40,"covered":40,"skipped":0,"pct":100},"functions":{"total":8,"covered":8,"skipped":0,"pct":100},"statements":{"total":46,"covered":46,"skipped":0,"pct":100},"branches":{"total":22,"covered":22,"skipped":0,"pct":100}}
,"/Users/ivintik/dev/personal/codeharness/src/modules/infra/container-cleanup.ts": {"lines":{"total":19,"covered":19,"skipped":0,"pct":100},"functions":{"total":2,"covered":2,"skipped":0,"pct":100},"statements":{"total":19,"covered":19,"skipped":0,"pct":100},"branches":{"total":4,"covered":4,"skipped":0,"pct":100}}
,"/Users/ivintik/dev/personal/codeharness/src/modules/infra/deps-install.ts": {"lines":{"total":18,"covered":18,"skipped":0,"pct":100},"functions":{"total":2,"covered":2,"skipped":0,"pct":100},"statements":{"total":18,"covered":18,"skipped":0,"pct":100},"branches":{"total":12,"covered":10,"skipped":0,"pct":83.33}}
,"/Users/ivintik/dev/personal/codeharness/src/modules/infra/docker-setup.ts": {"lines":{"total":82,"covered":68,"skipped":0,"pct":82.92},"functions":{"total":6,"covered":5,"skipped":0,"pct":83.33},"statements":{"total":82,"covered":68,"skipped":0,"pct":82.92},"branches":{"total":60,"covered":44,"skipped":0,"pct":73.33}}
,"/Users/ivintik/dev/personal/codeharness/src/modules/infra/dockerfile-template.ts": {"lines":{"total":43,"covered":43,"skipped":0,"pct":100},"functions":{"total":7,"covered":7,"skipped":0,"pct":100},"statements":{"total":46,"covered":46,"skipped":0,"pct":100},"branches":{"total":26,"covered":23,"skipped":0,"pct":88.46}}
,"/Users/ivintik/dev/personal/codeharness/src/modules/infra/dockerfile-validator.ts": {"lines":{"total":74,"covered":74,"skipped":0,"pct":100},"functions":{"total":12,"covered":12,"skipped":0,"pct":100},"statements":{"total":85,"covered":85,"skipped":0,"pct":100},"branches":{"total":51,"covered":46,"skipped":0,"pct":90.19}}
,"/Users/ivintik/dev/personal/codeharness/src/modules/infra/docs-scaffold.ts": {"lines":{"total":107,"covered":105,"skipped":0,"pct":98.13},"functions":{"total":12,"covered":12,"skipped":0,"pct":100},"statements":{"total":114,"covered":110,"skipped":0,"pct":96.49},"branches":{"total":70,"covered":63,"skipped":0,"pct":90}}
,"/Users/ivintik/dev/personal/codeharness/src/modules/infra/index.ts": {"lines":{"total":4,"covered":4,"skipped":0,"pct":100},"functions":{"total":4,"covered":4,"skipped":0,"pct":100},"statements":{"total":4,"covered":4,"skipped":0,"pct":100},"branches":{"total":0,"covered":0,"skipped":0,"pct":100}}
,"/Users/ivintik/dev/personal/codeharness/src/modules/infra/init-project.ts": {"lines":{"total":137,"covered":134,"skipped":0,"pct":97.81},"functions":{"total":10,"covered":10,"skipped":0,"pct":100},"statements":{"total":176,"covered":169,"skipped":0,"pct":96.02},"branches":{"total":124,"covered":106,"skipped":0,"pct":85.48}}
,"/Users/ivintik/dev/personal/codeharness/src/modules/infra/observability.ts": {"lines":{"total":3,"covered":3,"skipped":0,"pct":100},"functions":{"total":1,"covered":1,"skipped":0,"pct":100},"statements":{"total":3,"covered":3,"skipped":0,"pct":100},"branches":{"total":2,"covered":2,"skipped":0,"pct":100}}
,"/Users/ivintik/dev/personal/codeharness/src/modules/infra/opensearch-backend.ts": {"lines":{"total":62,"covered":62,"skipped":0,"pct":100},"functions":{"total":16,"covered":16,"skipped":0,"pct":100},"statements":{"total":71,"covered":71,"skipped":0,"pct":100},"branches":{"total":86,"covered":82,"skipped":0,"pct":95.34}}
,"/Users/ivintik/dev/personal/codeharness/src/modules/infra/stack-management.ts": {"lines":{"total":52,"covered":52,"skipped":0,"pct":100},"functions":{"total":10,"covered":10,"skipped":0,"pct":100},"statements":{"total":53,"covered":53,"skipped":0,"pct":100},"branches":{"total":23,"covered":19,"skipped":0,"pct":82.6}}
,"/Users/ivintik/dev/personal/codeharness/src/modules/infra/types.ts": {"lines":{"total":2,"covered":2,"skipped":0,"pct":100},"functions":{"total":0,"covered":0,"skipped":0,"pct":100},"statements":{"total":2,"covered":2,"skipped":0,"pct":100},"branches":{"total":0,"covered":0,"skipped":0,"pct":100}}
,"/Users/ivintik/dev/personal/codeharness/src/modules/infra/victoria-backend.ts": {"lines":{"total":99,"covered":99,"skipped":0,"pct":100},"functions":{"total":13,"covered":13,"skipped":0,"pct":100},"statements":{"total":105,"covered":105,"skipped":0,"pct":100},"branches":{"total":77,"covered":77,"skipped":0,"pct":100}}
,"/Users/ivintik/dev/personal/codeharness/src/modules/observability/analyzer.ts": {"lines":{"total":58,"covered":58,"skipped":0,"pct":100},"functions":{"total":11,"covered":11,"skipped":0,"pct":100},"statements":{"total":61,"covered":61,"skipped":0,"pct":100},"branches":{"total":45,"covered":45,"skipped":0,"pct":100}}
,"/Users/ivintik/dev/personal/codeharness/src/modules/observability/coverage-gate.ts": {"lines":{"total":21,"covered":21,"skipped":0,"pct":100},"functions":{"total":1,"covered":1,"skipped":0,"pct":100},"statements":{"total":21,"covered":21,"skipped":0,"pct":100},"branches":{"total":23,"covered":22,"skipped":0,"pct":95.65}}
,"/Users/ivintik/dev/personal/codeharness/src/modules/observability/coverage.ts": {"lines":{"total":84,"covered":83,"skipped":0,"pct":98.8},"functions":{"total":13,"covered":12,"skipped":0,"pct":92.3},"statements":{"total":86,"covered":85,"skipped":0,"pct":98.83},"branches":{"total":88,"covered":83,"skipped":0,"pct":94.31}}
,"/Users/ivintik/dev/personal/codeharness/src/modules/observability/index.ts": {"lines":{"total":0,"covered":0,"skipped":0,"pct":100},"functions":{"total":0,"covered":0,"skipped":0,"pct":100},"statements":{"total":0,"covered":0,"skipped":0,"pct":100},"branches":{"total":0,"covered":0,"skipped":0,"pct":100}}
,"/Users/ivintik/dev/personal/codeharness/src/modules/observability/runtime-coverage.ts": {"lines":{"total":31,"covered":31,"skipped":0,"pct":100},"functions":{"total":3,"covered":3,"skipped":0,"pct":100},"statements":{"total":32,"covered":32,"skipped":0,"pct":100},"branches":{"total":20,"covered":20,"skipped":0,"pct":100}}
,"/Users/ivintik/dev/personal/codeharness/src/modules/observability/runtime-validator.ts": {"lines":{"total":75,"covered":75,"skipped":0,"pct":100},"functions":{"total":10,"covered":10,"skipped":0,"pct":100},"statements":{"total":78,"covered":78,"skipped":0,"pct":100},"branches":{"total":40,"covered":31,"skipped":0,"pct":77.5}}
,"/Users/ivintik/dev/personal/codeharness/src/modules/observability/types.ts": {"lines":{"total":0,"covered":0,"skipped":0,"pct":100},"functions":{"total":0,"covered":0,"skipped":0,"pct":100},"statements":{"total":0,"covered":0,"skipped":0,"pct":100},"branches":{"total":0,"covered":0,"skipped":0,"pct":100}}
,"/Users/ivintik/dev/personal/codeharness/src/modules/review/index.ts": {"lines":{"total":1,"covered":1,"skipped":0,"pct":100},"functions":{"total":1,"covered":1,"skipped":0,"pct":100},"statements":{"total":1,"covered":1,"skipped":0,"pct":100},"branches":{"total":0,"covered":0,"skipped":0,"pct":100}}
,"/Users/ivintik/dev/personal/codeharness/src/modules/review/orchestrator.ts": {"lines":{"total":42,"covered":42,"skipped":0,"pct":100},"functions":{"total":4,"covered":4,"skipped":0,"pct":100},"statements":{"total":43,"covered":43,"skipped":0,"pct":100},"branches":{"total":38,"covered":38,"skipped":0,"pct":100}}
,"/Users/ivintik/dev/personal/codeharness/src/modules/review/types.ts": {"lines":{"total":0,"covered":0,"skipped":0,"pct":100},"functions":{"total":0,"covered":0,"skipped":0,"pct":100},"statements":{"total":0,"covered":0,"skipped":0,"pct":100},"branches":{"total":0,"covered":0,"skipped":0,"pct":100}}
,"/Users/ivintik/dev/personal/codeharness/src/modules/sprint/budget.ts": {"lines":{"total":10,"covered":10,"skipped":0,"pct":100},"functions":{"total":3,"covered":3,"skipped":0,"pct":100},"statements":{"total":11,"covered":11,"skipped":0,"pct":100},"branches":{"total":6,"covered":6,"skipped":0,"pct":100}}
,"/Users/ivintik/dev/personal/codeharness/src/modules/sprint/drill-down.ts": {"lines":{"total":46,"covered":46,"skipped":0,"pct":100},"functions":{"total":7,"covered":7,"skipped":0,"pct":100},"statements":{"total":56,"covered":55,"skipped":0,"pct":98.21},"branches":{"total":40,"covered":35,"skipped":0,"pct":87.5}}
,"/Users/ivintik/dev/personal/codeharness/src/modules/sprint/feedback.ts": {"lines":{"total":86,"covered":86,"skipped":0,"pct":100},"functions":{"total":4,"covered":4,"skipped":0,"pct":100},"statements":{"total":90,"covered":90,"skipped":0,"pct":100},"branches":{"total":46,"covered":46,"skipped":0,"pct":100}}
,"/Users/ivintik/dev/personal/codeharness/src/modules/sprint/index.ts": {"lines":{"total":38,"covered":32,"skipped":0,"pct":84.21},"functions":{"total":19,"covered":14,"skipped":0,"pct":73.68},"statements":{"total":39,"covered":32,"skipped":0,"pct":82.05},"branches":{"total":12,"covered":9,"skipped":0,"pct":75}}
,"/Users/ivintik/dev/personal/codeharness/src/modules/sprint/migration.ts": {"lines":{"total":102,"covered":100,"skipped":0,"pct":98.03},"functions":{"total":16,"covered":16,"skipped":0,"pct":100},"statements":{"total":127,"covered":123,"skipped":0,"pct":96.85},"branches":{"total":82,"covered":73,"skipped":0,"pct":89.02}}
,"/Users/ivintik/dev/personal/codeharness/src/modules/sprint/reporter.ts": {"lines":{"total":72,"covered":72,"skipped":0,"pct":100},"functions":{"total":7,"covered":7,"skipped":0,"pct":100},"statements":{"total":80,"covered":80,"skipped":0,"pct":100},"branches":{"total":46,"covered":44,"skipped":0,"pct":95.65}}
,"/Users/ivintik/dev/personal/codeharness/src/modules/sprint/selector.ts": {"lines":{"total":38,"covered":37,"skipped":0,"pct":97.36},"functions":{"total":4,"covered":4,"skipped":0,"pct":100},"statements":{"total":41,"covered":40,"skipped":0,"pct":97.56},"branches":{"total":32,"covered":29,"skipped":0,"pct":90.62}}
,"/Users/ivintik/dev/personal/codeharness/src/modules/sprint/state.ts": {"lines":{"total":200,"covered":180,"skipped":0,"pct":90},"functions":{"total":22,"covered":22,"skipped":0,"pct":100},"statements":{"total":216,"covered":192,"skipped":0,"pct":88.88},"branches":{"total":108,"covered":88,"skipped":0,"pct":81.48}}
,"/Users/ivintik/dev/personal/codeharness/src/modules/sprint/timeout.ts": {"lines":{"total":109,"covered":109,"skipped":0,"pct":100},"functions":{"total":7,"covered":7,"skipped":0,"pct":100},"statements":{"total":112,"covered":112,"skipped":0,"pct":100},"branches":{"total":71,"covered":60,"skipped":0,"pct":84.5}}
,"/Users/ivintik/dev/personal/codeharness/src/modules/sprint/types.ts": {"lines":{"total":0,"covered":0,"skipped":0,"pct":100},"functions":{"total":0,"covered":0,"skipped":0,"pct":100},"statements":{"total":0,"covered":0,"skipped":0,"pct":100},"branches":{"total":0,"covered":0,"skipped":0,"pct":100}}
,"/Users/ivintik/dev/personal/codeharness/src/modules/sprint/validator.ts": {"lines":{"total":62,"covered":62,"skipped":0,"pct":100},"functions":{"total":4,"covered":4,"skipped":0,"pct":100},"statements":{"total":64,"covered":64,"skipped":0,"pct":100},"branches":{"total":37,"covered":37,"skipped":0,"pct":100}}
,"/Users/ivintik/dev/personal/codeharness/src/modules/status/drill-down.ts": {"lines":{"total":45,"covered":45,"skipped":0,"pct":100},"functions":{"total":3,"covered":3,"skipped":0,"pct":100},"statements":{"total":50,"covered":50,"skipped":0,"pct":100},"branches":{"total":32,"covered":27,"skipped":0,"pct":84.37}}
,"/Users/ivintik/dev/personal/codeharness/src/modules/status/endpoints.ts": {"lines":{"total":15,"covered":15,"skipped":0,"pct":100},"functions":{"total":3,"covered":3,"skipped":0,"pct":100},"statements":{"total":15,"covered":15,"skipped":0,"pct":100},"branches":{"total":18,"covered":17,"skipped":0,"pct":94.44}}
,"/Users/ivintik/dev/personal/codeharness/src/modules/status/formatters.ts": {"lines":{"total":280,"covered":257,"skipped":0,"pct":91.78},"functions":{"total":14,"covered":14,"skipped":0,"pct":100},"statements":{"total":284,"covered":260,"skipped":0,"pct":91.54},"branches":{"total":262,"covered":197,"skipped":0,"pct":75.19}}
,"/Users/ivintik/dev/personal/codeharness/src/modules/status/index.ts": {"lines":{"total":0,"covered":0,"skipped":0,"pct":100},"functions":{"total":0,"covered":0,"skipped":0,"pct":100},"statements":{"total":0,"covered":0,"skipped":0,"pct":100},"branches":{"total":0,"covered":0,"skipped":0,"pct":100}}
,"/Users/ivintik/dev/personal/codeharness/src/modules/verify/browser.ts": {"lines":{"total":66,"covered":66,"skipped":0,"pct":100},"functions":{"total":11,"covered":11,"skipped":0,"pct":100},"statements":{"total":69,"covered":69,"skipped":0,"pct":100},"branches":{"total":49,"covered":44,"skipped":0,"pct":89.79}}
,"/Users/ivintik/dev/personal/codeharness/src/modules/verify/dockerfile-generator.ts": {"lines":{"total":25,"covered":25,"skipped":0,"pct":100},"functions":{"total":1,"covered":1,"skipped":0,"pct":100},"statements":{"total":26,"covered":25,"skipped":0,"pct":96.15},"branches":{"total":4,"covered":2,"skipped":0,"pct":50}}
,"/Users/ivintik/dev/personal/codeharness/src/modules/verify/env.ts": {"lines":{"total":161,"covered":161,"skipped":0,"pct":100},"functions":{"total":26,"covered":26,"skipped":0,"pct":100},"statements":{"total":184,"covered":184,"skipped":0,"pct":100},"branches":{"total":80,"covered":76,"skipped":0,"pct":95}}
,"/Users/ivintik/dev/personal/codeharness/src/modules/verify/index.ts": {"lines":{"total":37,"covered":34,"skipped":0,"pct":91.89},"functions":{"total":3,"covered":3,"skipped":0,"pct":100},"statements":{"total":37,"covered":34,"skipped":0,"pct":91.89},"branches":{"total":16,"covered":8,"skipped":0,"pct":50}}
,"/Users/ivintik/dev/personal/codeharness/src/modules/verify/orchestrator.ts": {"lines":{"total":57,"covered":57,"skipped":0,"pct":100},"functions":{"total":7,"covered":7,"skipped":0,"pct":100},"statements":{"total":58,"covered":58,"skipped":0,"pct":100},"branches":{"total":39,"covered":30,"skipped":0,"pct":76.92}}
,"/Users/ivintik/dev/personal/codeharness/src/modules/verify/parser.ts": {"lines":{"total":93,"covered":92,"skipped":0,"pct":98.92},"functions":{"total":9,"covered":9,"skipped":0,"pct":100},"statements":{"total":101,"covered":100,"skipped":0,"pct":99},"branches":{"total":52,"covered":50,"skipped":0,"pct":96.15}}
,"/Users/ivintik/dev/personal/codeharness/src/modules/verify/proof.ts": {"lines":{"total":146,"covered":144,"skipped":0,"pct":98.63},"functions":{"total":22,"covered":20,"skipped":0,"pct":90.9},"statements":{"total":166,"covered":157,"skipped":0,"pct":94.57},"branches":{"total":94,"covered":85,"skipped":0,"pct":90.42}}
,"/Users/ivintik/dev/personal/codeharness/src/modules/verify/types.ts": {"lines":{"total":5,"covered":5,"skipped":0,"pct":100},"functions":{"total":2,"covered":2,"skipped":0,"pct":100},"statements":{"total":6,"covered":6,"skipped":0,"pct":100},"branches":{"total":4,"covered":4,"skipped":0,"pct":100}}
,"/Users/ivintik/dev/personal/codeharness/src/modules/verify/validation-ac-data.ts": {"lines":{"total":4,"covered":4,"skipped":0,"pct":100},"functions":{"total":0,"covered":0,"skipped":0,"pct":100},"statements":{"total":4,"covered":4,"skipped":0,"pct":100},"branches":{"total":0,"covered":0,"skipped":0,"pct":100}}
,"/Users/ivintik/dev/personal/codeharness/src/modules/verify/validation-ac-fr.ts": {"lines":{"total":1,"covered":1,"skipped":0,"pct":100},"functions":{"total":0,"covered":0,"skipped":0,"pct":100},"statements":{"total":1,"covered":1,"skipped":0,"pct":100},"branches":{"total":0,"covered":0,"skipped":0,"pct":100}}
,"/Users/ivintik/dev/personal/codeharness/src/modules/verify/validation-ac-types.ts": {"lines":{"total":0,"covered":0,"skipped":0,"pct":100},"functions":{"total":0,"covered":0,"skipped":0,"pct":100},"statements":{"total":0,"covered":0,"skipped":0,"pct":100},"branches":{"total":0,"covered":0,"skipped":0,"pct":100}}
,"/Users/ivintik/dev/personal/codeharness/src/modules/verify/validation-acs.ts": {"lines":{"total":5,"covered":5,"skipped":0,"pct":100},"functions":{"total":8,"covered":8,"skipped":0,"pct":100},"statements":{"total":9,"covered":9,"skipped":0,"pct":100},"branches":{"total":0,"covered":0,"skipped":0,"pct":100}}
,"/Users/ivintik/dev/personal/codeharness/src/modules/verify/validation-orchestrator.ts": {"lines":{"total":76,"covered":68,"skipped":0,"pct":89.47},"functions":{"total":2,"covered":2,"skipped":0,"pct":100},"statements":{"total":77,"covered":69,"skipped":0,"pct":89.61},"branches":{"total":45,"covered":38,"skipped":0,"pct":84.44}}
,"/Users/ivintik/dev/personal/codeharness/src/modules/verify/validation-runner-types.ts": {"lines":{"total":0,"covered":0,"skipped":0,"pct":100},"functions":{"total":0,"covered":0,"skipped":0,"pct":100},"statements":{"total":0,"covered":0,"skipped":0,"pct":100},"branches":{"total":0,"covered":0,"skipped":0,"pct":100}}
,"/Users/ivintik/dev/personal/codeharness/src/modules/verify/validation-runner.ts": {"lines":{"total":88,"covered":82,"skipped":0,"pct":93.18},"functions":{"total":4,"covered":4,"skipped":0,"pct":100},"statements":{"total":90,"covered":84,"skipped":0,"pct":93.33},"branches":{"total":48,"covered":35,"skipped":0,"pct":72.91}}
,"/Users/ivintik/dev/personal/codeharness/src/templates/bmad-patches.ts": {"lines":{"total":13,"covered":13,"skipped":0,"pct":100},"functions":{"total":7,"covered":7,"skipped":0,"pct":100},"statements":{"total":13,"covered":13,"skipped":0,"pct":100},"branches":{"total":12,"covered":12,"skipped":0,"pct":100}}
,"/Users/ivintik/dev/personal/codeharness/src/templates/docker-compose.ts": {"lines":{"total":2,"covered":2,"skipped":0,"pct":100},"functions":{"total":2,"covered":2,"skipped":0,"pct":100},"statements":{"total":2,"covered":2,"skipped":0,"pct":100},"branches":{"total":0,"covered":0,"skipped":0,"pct":100}}
,"/Users/ivintik/dev/personal/codeharness/src/templates/otel-config.ts": {"lines":{"total":8,"covered":8,"skipped":0,"pct":100},"functions":{"total":3,"covered":3,"skipped":0,"pct":100},"statements":{"total":8,"covered":8,"skipped":0,"pct":100},"branches":{"total":0,"covered":0,"skipped":0,"pct":100}}
,"/Users/ivintik/dev/personal/codeharness/src/templates/readme.ts": {"lines":{"total":10,"covered":10,"skipped":0,"pct":100},"functions":{"total":4,"covered":4,"skipped":0,"pct":100},"statements":{"total":12,"covered":12,"skipped":0,"pct":100},"branches":{"total":6,"covered":6,"skipped":0,"pct":100}}
,"/Users/ivintik/dev/personal/codeharness/src/templates/showboat-template.ts": {"lines":{"total":43,"covered":43,"skipped":0,"pct":100},"functions":{"total":4,"covered":4,"skipped":0,"pct":100},"statements":{"total":44,"covered":44,"skipped":0,"pct":100},"branches":{"total":18,"covered":17,"skipped":0,"pct":94.44}}
,"/Users/ivintik/dev/personal/codeharness/src/templates/verify-prompt.ts": {"lines":{"total":10,"covered":10,"skipped":0,"pct":100},"functions":{"total":2,"covered":2,"skipped":0,"pct":100},"statements":{"total":10,"covered":10,"skipped":0,"pct":100},"branches":{"total":12,"covered":12,"skipped":0,"pct":100}}
,"/Users/ivintik/dev/personal/codeharness/src/types/index.ts": {"lines":{"total":0,"covered":0,"skipped":0,"pct":100},"functions":{"total":0,"covered":0,"skipped":0,"pct":100},"statements":{"total":0,"covered":0,"skipped":0,"pct":100},"branches":{"total":0,"covered":0,"skipped":0,"pct":100}}
,"/Users/ivintik/dev/personal/codeharness/src/types/observability.ts": {"lines":{"total":0,"covered":0,"skipped":0,"pct":100},"functions":{"total":0,"covered":0,"skipped":0,"pct":100},"statements":{"total":0,"covered":0,"skipped":0,"pct":100},"branches":{"total":0,"covered":0,"skipped":0,"pct":100}}
,"/Users/ivintik/dev/personal/codeharness/src/types/result.ts": {"lines":{"total":6,"covered":6,"skipped":0,"pct":100},"functions":{"total":4,"covered":4,"skipped":0,"pct":100},"statements":{"total":6,"covered":6,"skipped":0,"pct":100},"branches":{"total":2,"covered":2,"skipped":0,"pct":100}}
,"/Users/ivintik/dev/personal/codeharness/src/types/state.ts": {"lines":{"total":0,"covered":0,"skipped":0,"pct":100},"functions":{"total":0,"covered":0,"skipped":0,"pct":100},"statements":{"total":0,"covered":0,"skipped":0,"pct":100},"branches":{"total":0,"covered":0,"skipped":0,"pct":100}}
}
